# JRE version: OpenJDK Runtime Environment (8.0_242-b01) (build 1.8.0_242-release-1644-b01)
# Java VM: OpenJDK 64-Bit Server VM (25.242-b01 mixed mode windows-amd64 compressed oops)
Heap:
 PSYoungGen      total 615424K, used 19995K [0x00000000d5580000, 0x00000000ffc00000, 0x0000000100000000)
  eden space 564224K, 2% used [0x00000000d5580000,0x00000000d63365f8,0x00000000f7c80000)
  from space 51200K, 11% used [0x00000000f7c80000,0x00000000f82508d0,0x00000000fae80000)
  to   space 49664K, 0% used [0x00000000fcb80000,0x00000000fcb80000,0x00000000ffc00000)
 ParOldGen       total 182784K, used 94251K [0x0000000080000000, 0x000000008b280000, 0x00000000d5580000)
  object space 182784K, 51% used [0x0000000080000000,0x0000000085c0aca0,0x000000008b280000)
 Metaspace       used 109927K, capacity 116180K, committed 116248K, reserved 1150976K
  class space    used 14180K, capacity 15372K, committed 15408K, reserved 1048576K
GC Heap History (10 events):
Event: 868.127 GC heap before
{Heap before GC invocations=33 (full 4):
 PSYoungGen      total 409088K, used 391196K [0x00000000d5580000, 0x00000000f1f00000, 0x0000000100000000)
  eden space 359936K, 100% used [0x00000000d5580000,0x00000000eb500000,0x00000000eb500000)
  from space 49152K, 63% used [0x00000000ee680000,0x00000000f0507258,0x00000000f1680000)
  to   space 50688K, 0% used [0x00000000eb500000,0x00000000eb500000,0x00000000ee680000)
 ParOldGen       total 182784K, used 61772K [0x0000000080000000, 0x000000008b280000, 0x00000000d5580000)
  object space 182784K, 33% used [0x0000000080000000,0x0000000083c53088,0x000000008b280000)
 Metaspace       used 108218K, capacity 114190K, committed 114328K, reserved 1148928K
  class space    used 14090K, capacity 15237K, committed 15280K, reserved 1048576K
Event: 868.390 GC heap after
Heap after GC invocations=33 (full 4):
 PSYoungGen      total 410624K, used 34925K [0x00000000d5580000, 0x00000000f7500000, 0x0000000100000000)
  eden space 359936K, 0% used [0x00000000d5580000,0x00000000d5580000,0x00000000eb500000)
  from space 50688K, 68% used [0x00000000eb500000,0x00000000ed71b4a8,0x00000000ee680000)
  to   space 52736K, 0% used [0x00000000f4180000,0x00000000f4180000,0x00000000f7500000)
 ParOldGen       total 182784K, used 61780K [0x0000000080000000, 0x000000008b280000, 0x00000000d5580000)
  object space 182784K, 33% used [0x0000000080000000,0x0000000083c55088,0x000000008b280000)
 Metaspace       used 108218K, capacity 114190K, committed 114328K, reserved 1148928K
  class space    used 14090K, capacity 15237K, committed 15280K, reserved 1048576K
}
Event: 870.427 GC heap before
{Heap before GC invocations=34 (full 4):
 PSYoungGen      total 410624K, used 394861K [0x00000000d5580000, 0x00000000f7500000, 0x0000000100000000)
  eden space 359936K, 100% used [0x00000000d5580000,0x00000000eb500000,0x00000000eb500000)
  from space 50688K, 68% used [0x00000000eb500000,0x00000000ed71b4a8,0x00000000ee680000)
  to   space 52736K, 0% used [0x00000000f4180000,0x00000000f4180000,0x00000000f7500000)
 ParOldGen       total 182784K, used 61780K [0x0000000080000000, 0x000000008b280000, 0x00000000d5580000)
  object space 182784K, 33% used [0x0000000080000000,0x0000000083c55088,0x000000008b280000)
 Metaspace       used 108928K, capacity 114946K, committed 115096K, reserved 1148928K
  class space    used 14097K, capacity 15243K, committed 15280K, reserved 1048576K
Event: 870.507 GC heap after
Heap after GC invocations=34 (full 4):
 PSYoungGen      total 503808K, used 5561K [0x00000000d5580000, 0x00000000f7500000, 0x0000000100000000)
  eden space 451072K, 0% used [0x00000000d5580000,0x00000000d5580000,0x00000000f0e00000)
  from space 52736K, 10% used [0x00000000f4180000,0x00000000f46ee728,0x00000000f7500000)
  to   space 52736K, 0% used [0x00000000f0e00000,0x00000000f0e00000,0x00000000f4180000)
 ParOldGen       total 182784K, used 85288K [0x0000000080000000, 0x000000008b280000, 0x00000000d5580000)
  object space 182784K, 46% used [0x0000000080000000,0x000000008534a1f0,0x000000008b280000)
 Metaspace       used 108928K, capacity 114946K, committed 115096K, reserved 1148928K
  class space    used 14097K, capacity 15243K, committed 15280K, reserved 1048576K
}
Event: 872.243 GC heap before
{Heap before GC invocations=35 (full 4):
 PSYoungGen      total 503808K, used 456633K [0x00000000d5580000, 0x00000000f7500000, 0x0000000100000000)
  eden space 451072K, 100% used [0x00000000d5580000,0x00000000f0e00000,0x00000000f0e00000)
  from space 52736K, 10% used [0x00000000f4180000,0x00000000f46ee728,0x00000000f7500000)
  to   space 52736K, 0% used [0x00000000f0e00000,0x00000000f0e00000,0x00000000f4180000)
 ParOldGen       total 182784K, used 85288K [0x0000000080000000, 0x000000008b280000, 0x00000000d5580000)
  object space 182784K, 46% used [0x0000000080000000,0x000000008534a1f0,0x000000008b280000)
 Metaspace       used 109121K, capacity 115190K, committed 115352K, reserved 1148928K
  class space    used 14102K, capacity 15275K, committed 15280K, reserved 1048576K
Event: 872.281 GC heap after
Heap after GC invocations=35 (full 4):
 PSYoungGen      total 503808K, used 3616K [0x00000000d5580000, 0x00000000fe180000, 0x0000000100000000)
  eden space 451072K, 0% used [0x00000000d5580000,0x00000000d5580000,0x00000000f0e00000)
  from space 52736K, 6% used [0x00000000f0e00000,0x00000000f1188000,0x00000000f4180000)
  to   space 52224K, 0% used [0x00000000fae80000,0x00000000fae80000,0x00000000fe180000)
 ParOldGen       total 182784K, used 88052K [0x0000000080000000, 0x000000008b280000, 0x00000000d5580000)
  object space 182784K, 48% used [0x0000000080000000,0x00000000855fd3b8,0x000000008b280000)
 Metaspace       used 109121K, capacity 115190K, committed 115352K, reserved 1148928K
  class space    used 14102K, capacity 15275K, committed 15280K, reserved 1048576K
}
Event: 874.504 GC heap before
{Heap before GC invocations=36 (full 4):
 PSYoungGen      total 503808K, used 454688K [0x00000000d5580000, 0x00000000fe180000, 0x0000000100000000)
  eden space 451072K, 100% used [0x00000000d5580000,0x00000000f0e00000,0x00000000f0e00000)
  from space 52736K, 6% used [0x00000000f0e00000,0x00000000f1188000,0x00000000f4180000)
  to   space 52224K, 0% used [0x00000000fae80000,0x00000000fae80000,0x00000000fe180000)
 ParOldGen       total 182784K, used 88052K [0x0000000080000000, 0x000000008b280000, 0x00000000d5580000)
  object space 182784K, 48% used [0x0000000080000000,0x00000000855fd3b8,0x000000008b280000)
 Metaspace       used 109233K, capacity 115242K, committed 115480K, reserved 1148928K
  class space    used 14111K, capacity 15283K, committed 15408K, reserved 1048576K
Event: 875.427 GC heap after
Heap after GC invocations=36 (full 4):
 PSYoungGen      total 616448K, used 4640K [0x00000000d5580000, 0x00000000fee00000, 0x0000000100000000)
  eden space 564224K, 0% used [0x00000000d5580000,0x00000000d5580000,0x00000000f7c80000)
  from space 52224K, 8% used [0x00000000fae80000,0x00000000fb3080c0,0x00000000fe180000)
  to   space 51200K, 0% used [0x00000000f7c80000,0x00000000f7c80000,0x00000000fae80000)
 ParOldGen       total 182784K, used 90862K [0x0000000080000000, 0x000000008b280000, 0x00000000d5580000)
  object space 182784K, 49% used [0x0000000080000000,0x00000000858bbb88,0x000000008b280000)
 Metaspace       used 109233K, capacity 115242K, committed 115480K, reserved 1148928K
  class space    used 14111K, capacity 15283K, committed 15408K, reserved 1048576K
}
Event: 880.751 GC heap before
{Heap before GC invocations=37 (full 4):
 PSYoungGen      total 616448K, used 568864K [0x00000000d5580000, 0x00000000fee00000, 0x0000000100000000)
  eden space 564224K, 100% used [0x00000000d5580000,0x00000000f7c80000,0x00000000f7c80000)
  from space 52224K, 8% used [0x00000000fae80000,0x00000000fb3080c0,0x00000000fe180000)
  to   space 51200K, 0% used [0x00000000f7c80000,0x00000000f7c80000,0x00000000fae80000)
 ParOldGen       total 182784K, used 90862K [0x0000000080000000, 0x000000008b280000, 0x00000000d5580000)
  object space 182784K, 49% used [0x0000000080000000,0x00000000858bbb88,0x000000008b280000)
 Metaspace       used 109873K, capacity 116154K, committed 116248K, reserved 1150976K
  class space    used 14178K, capacity 15369K, committed 15408K, reserved 1048576K
Event: 880.919 GC heap after
Heap after GC invocations=37 (full 4):
 PSYoungGen      total 615424K, used 5954K [0x00000000d5580000, 0x00000000ffc00000, 0x0000000100000000)
  eden space 564224K, 0% used [0x00000000d5580000,0x00000000d5580000,0x00000000f7c80000)
  from space 51200K, 11% used [0x00000000f7c80000,0x00000000f82508d0,0x00000000fae80000)
  to   space 49664K, 0% used [0x00000000fcb80000,0x00000000fcb80000,0x00000000ffc00000)
 ParOldGen       total 182784K, used 94251K [0x0000000080000000, 0x000000008b280000, 0x00000000d5580000)
  object space 182784K, 51% used [0x0000000080000000,0x0000000085c0aca0,0x000000008b280000)
 Metaspace       used 109873K, capacity 116154K, committed 116248K, reserved 1150976K
  class space    used 14178K, capacity 15369K, committed 15408K, reserved 1048576K
}

